<?xml version="1.0" encoding="UTF-8"?>
<!-- Generated by org.testng.reporters.JUnitReportReporter -->
<testsuite hostname="ING091" failures="0" tests="1" name="TestNGSeleniumDemo.SeleniumWebdriverTest" time="7.866" errors="0" timestamp="2020-04-16T09:44:08 EDT" skipped="0">
  <testcase classname="TestNGSeleniumDemo.SeleniumWebdriverTest" name="MyFirstTestNGTestCase" time="7.866"/>
</testsuite> <!-- TestNGSeleniumDemo.SeleniumWebdriverTest -->
