<?xml version="1.0" encoding="UTF-8"?>
<!-- Generated by org.testng.reporters.JUnitReportReporter -->
<testsuite hostname="ING091" failures="0" tests="3" name="TestNGPracticeExercises.TestNG_ReportersandAsserts" time="0.010" errors="0" timestamp="2020-04-16T14:47:01 EDT" skipped="0">
  <testcase classname="TestNGPracticeExercises.TestNG_ReportersandAsserts" name="testStrings" time="0.001"/>
  <testcase classname="TestNGPracticeExercises.TestNG_ReportersandAsserts" name="testInt" time="0.001"/>
  <testcase classname="TestNGPracticeExercises.TestNG_ReportersandAsserts" name="testArrays" time="0.008"/>
</testsuite> <!-- TestNGPracticeExercises.TestNG_ReportersandAsserts -->
