<?xml version="1.0" encoding="UTF-8"?>
<!-- Generated by org.testng.reporters.JUnitReportReporter -->
<testsuite hostname="ING091" failures="0" tests="1" name="examplesMouseHover.DragandDropExample" time="18.501" errors="0" timestamp="2020-04-16T14:28:07 EDT" skipped="0">
  <testcase classname="examplesMouseHover.DragandDropExample" name="DragnDrop" time="18.501"/>
</testsuite> <!-- examplesMouseHover.DragandDropExample -->
