<?xml version="1.0" encoding="UTF-8"?>
<!-- Generated by org.testng.reporters.JUnitReportReporter -->
<testsuite hostname="ING091" failures="0" tests="1" name="TestNGPracticeExercises.FlightReservations" time="22.884" errors="0" timestamp="2020-05-20T15:21:04 EDT" skipped="0">
  <testcase classname="TestNGPracticeExercises.FlightReservations" name="scheduleTrip" time="22.884"/>
</testsuite> <!-- TestNGPracticeExercises.FlightReservations -->
