<?xml version="1.0" encoding="UTF-8"?>
<!-- Generated by org.testng.reporters.JUnitReportReporter -->
<testsuite hostname="ING091" failures="0" tests="2" name="TestNGExamples.multiBrowserTest" time="41.368" errors="0" timestamp="2020-04-16T15:03:07 EDT" skipped="0">
  <testcase classname="TestNGExamples.multiBrowserTest" name="login" time="22.805"/>
  <testcase classname="TestNGExamples.multiBrowserTest" name="login" time="18.563"/>
</testsuite> <!-- TestNGExamples.multiBrowserTest -->
