<?xml version="1.0" encoding="UTF-8"?>
<!-- Generated by org.testng.reporters.JUnitReportReporter -->
<testsuite hostname="ING091" failures="0" tests="1" name="practiceActionClasses.Sliders" time="27.507" errors="0" timestamp="2020-04-16T14:35:30 EDT" skipped="0">
  <testcase classname="practiceActionClasses.Sliders" name="slide" time="27.507"/>
</testsuite> <!-- practiceActionClasses.Sliders -->
