<?xml version="1.0" encoding="UTF-8"?>
<!-- Generated by org.testng.reporters.JUnitReportReporter -->
<testsuite hostname="ING091" failures="0" tests="2" name="TestNGExamples.ClassOne" time="11.445" errors="0" timestamp="2020-04-16T15:00:30 EDT" skipped="0">
  <testcase classname="TestNGExamples.ClassOne" name="amazontest" time="5.825"/>
  <testcase classname="TestNGExamples.ClassOne" name="googletest" time="5.620"/>
</testsuite> <!-- TestNGExamples.ClassOne -->
