<?xml version="1.0" encoding="UTF-8"?>
<!-- Generated by org.testng.reporters.JUnitReportReporter -->
<testsuite hostname="ING091" failures="0" tests="4" name="TestNGExamples.MultipleTestPrioritized" time="0.011" errors="0" timestamp="2020-04-16T12:08:10 EDT" skipped="0">
  <testcase classname="TestNGExamples.MultipleTestPrioritized" name="One" time="0.008"/>
  <testcase classname="TestNGExamples.MultipleTestPrioritized" name="Two" time="0.001"/>
  <testcase classname="TestNGExamples.MultipleTestPrioritized" name="Three" time="0.001"/>
  <testcase classname="TestNGExamples.MultipleTestPrioritized" name="Four" time="0.001"/>
</testsuite> <!-- TestNGExamples.MultipleTestPrioritized -->
