<?xml version="1.0" encoding="UTF-8"?>
<!-- Generated by org.testng.reporters.JUnitReportReporter -->
<testsuite hostname="ING091" failures="0" tests="3" name="TestNGExamples.Dependent" time="0.010" errors="0" timestamp="2020-04-16T12:00:17 EDT" skipped="0">
  <testcase classname="TestNGExamples.Dependent" name="OpenBrowser" time="0.008"/>
  <testcase classname="TestNGExamples.Dependent" name="LogOut" time="0.001"/>
  <testcase classname="TestNGExamples.Dependent" name="SignIn" time="0.001"/>
</testsuite> <!-- TestNGExamples.Dependent -->
