<?xml version="1.0" encoding="UTF-8"?>
<!-- Generated by org.testng.reporters.JUnitReportReporter -->
<testsuite hostname="ING091" failures="0" tests="1" name="webElements.GetAttributeDemo" time="7.103" errors="0" timestamp="2020-04-16T12:27:07 EDT" skipped="0">
  <testcase classname="webElements.GetAttributeDemo" name="test" time="7.103"/>
</testsuite> <!-- webElements.GetAttributeDemo -->
