<?xml version="1.0" encoding="UTF-8"?>
<!-- Generated by org.testng.reporters.JUnitReportReporter -->
<testsuite hostname="ING091" failures="0" tests="1" name="webElements.GetAttributeValuePractice" time="4.525" errors="0" timestamp="2020-04-16T12:32:27 EDT" skipped="0">
  <testcase classname="webElements.GetAttributeValuePractice" name="test" time="4.525"/>
</testsuite> <!-- webElements.GetAttributeValuePractice -->
