<?xml version="1.0" encoding="UTF-8"?>
<!-- Generated by org.testng.reporters.JUnitReportReporter -->
<testsuite hostname="ING091" failures="0" tests="1" name="examplesActionClasses.DragandDropExample" time="21.077" errors="0" timestamp="2020-05-21T14:12:48 EDT" skipped="0">
  <testcase classname="examplesActionClasses.DragandDropExample" name="DragnDrop" time="21.077"/>
</testsuite> <!-- examplesActionClasses.DragandDropExample -->
