<?xml version="1.0" encoding="UTF-8"?>
<!-- Generated by org.testng.reporters.JUnitReportReporter -->
<testsuite hostname="ING091" failures="0" tests="2" name="TestNGExamples.TestCases" time="8.290" errors="0" timestamp="2020-04-16T17:18:54 EDT" skipped="0">
  <testcase classname="TestNGExamples.TestCases" name="TestToFail" time="3.689"/>
  <testcase classname="TestNGExamples.TestCases" name="Login" time="4.601"/>
</testsuite> <!-- TestNGExamples.TestCases -->
