<?xml version="1.0" encoding="UTF-8"?>
<!-- Generated by org.testng.reporters.JUnitReportReporter -->
<testsuite hostname="ING091" failures="0" tests="3" name="TestNGPracticeExercises.DependOnGroups" time="0.009" errors="0" timestamp="2020-04-16T12:06:20 EDT" skipped="0">
  <testcase classname="TestNGPracticeExercises.DependOnGroups" name="groupTestThree" time="0.006"/>
  <testcase classname="TestNGPracticeExercises.DependOnGroups" name="groupTestOne" time="0.002"/>
  <testcase classname="TestNGPracticeExercises.DependOnGroups" name="groupTestTwo" time="0.001"/>
</testsuite> <!-- TestNGPracticeExercises.DependOnGroups -->
