<?xml version="1.0" encoding="UTF-8"?>
<!-- Generated by org.testng.reporters.JUnitReportReporter -->
<testsuite hostname="ING091" failures="0" tests="4" name="TestNGExamples.MultipleTest" time="0.008" errors="0" timestamp="2020-04-16T12:07:18 EDT" skipped="0">
  <testcase classname="TestNGExamples.MultipleTest" name="Four" time="0.006"/>
  <testcase classname="TestNGExamples.MultipleTest" name="One" time="0.002"/>
  <testcase classname="TestNGExamples.MultipleTest" name="Three" time="0.000"/>
  <testcase classname="TestNGExamples.MultipleTest" name="Two" time="0.000"/>
</testsuite> <!-- TestNGExamples.MultipleTest -->
