<?xml version="1.0" encoding="UTF-8"?>
<!-- Generated by org.testng.reporters.JUnitReportReporter -->
<testsuite hostname="ING091" failures="0" tests="3" name="TestNGPracticeExercises.DependOnMethods" time="0.008" errors="0" timestamp="2020-04-16T12:05:19 EDT" skipped="0">
  <testcase classname="TestNGPracticeExercises.DependOnMethods" name="testThree" time="0.006"/>
  <testcase classname="TestNGPracticeExercises.DependOnMethods" name="testTwo" time="0.001"/>
  <testcase classname="TestNGPracticeExercises.DependOnMethods" name="testOne" time="0.001"/>
</testsuite> <!-- TestNGPracticeExercises.DependOnMethods -->
