<?xml version="1.0" encoding="UTF-8"?>
<!-- Generated by org.testng.reporters.JUnitReportReporter -->
<testsuite hostname="ING091" failures="0" tests="3" name="TestNGExamples.DependentGroups" time="0.016" errors="0" timestamp="2020-04-16T12:03:03 EDT" skipped="0">
  <testcase classname="TestNGExamples.DependentGroups" name="testSalutationMessage" time="0.001"/>
  <testcase classname="TestNGExamples.DependentGroups" name="initEnvironmentTest" time="0.011"/>
  <testcase classname="TestNGExamples.DependentGroups" name="testPrintMessage" time="0.004"/>
</testsuite> <!-- TestNGExamples.DependentGroups -->
