<?xml version="1.0" encoding="UTF-8"?>
<!-- Generated by org.testng.reporters.JUnitReportReporter -->
<testsuite hostname="ING091" failures="0" tests="1" name="TestNGPracticeExercises.ClassOne" time="1.786" errors="0" timestamp="2020-04-16T09:53:58 EDT" skipped="0">
  <testcase classname="TestNGPracticeExercises.ClassOne" name="GoogleTitle" time="1.786"/>
</testsuite> <!-- TestNGPracticeExercises.ClassOne -->
