<?xml version="1.0" encoding="UTF-8"?>
<!-- Generated by org.testng.reporters.JUnitReportReporter -->
<testsuite hostname="ING091" failures="0" tests="1" name="automationFrameworkTestNG.FindElementCommandsTestNG" time="5.550" errors="0" timestamp="2020-04-16T10:06:28 EDT" skipped="0">
  <testcase classname="automationFrameworkTestNG.FindElementCommandsTestNG" name="f" time="5.550"/>
</testsuite> <!-- automationFrameworkTestNG.FindElementCommandsTestNG -->
