<?xml version="1.0" encoding="UTF-8"?>
<!-- Generated by org.testng.reporters.JUnitReportReporter -->
<testsuite hostname="ING091" failures="0" tests="1" name="advancedReportingPractice.ClassTwo" time="39.905" errors="0" timestamp="2020-04-30T12:02:45 EDT" skipped="0">
  <testcase classname="advancedReportingPractice.ClassTwo" name="Amazontest" time="39.905"/>
</testsuite> <!-- advancedReportingPractice.ClassTwo -->
