<?xml version="1.0" encoding="UTF-8"?>
<!-- Generated by org.testng.reporters.JUnitReportReporter -->
<testsuite hostname="ING091" failures="0" tests="2" name="advancedReportingPractice.ClassOne" time="43.038" errors="0" timestamp="2020-04-30T12:02:45 EDT" skipped="0">
  <testcase classname="advancedReportingPractice.ClassOne" name="amazontest" time="21.541"/>
  <testcase classname="advancedReportingPractice.ClassOne" name="googletest" time="21.497"/>
</testsuite> <!-- advancedReportingPractice.ClassOne -->
