<?xml version="1.0" encoding="UTF-8"?>
<!-- Generated by org.testng.reporters.JUnitReportReporter -->
<testsuite hostname="ING091" failures="0" tests="3" name="TestNGPracticeExercises.testNGPriorityExample" time="0.010" errors="0" timestamp="2020-04-16T12:09:34 EDT" skipped="0">
  <testcase classname="TestNGPracticeExercises.testNGPriorityExample" name="registerAccount" time="0.007"/>
  <testcase classname="TestNGPracticeExercises.testNGPriorityExample" name="login" time="0.001"/>
  <testcase classname="TestNGPracticeExercises.testNGPriorityExample" name="sendEmail" time="0.002"/>
</testsuite> <!-- TestNGPracticeExercises.testNGPriorityExample -->
