<?xml version="1.0" encoding="UTF-8"?>
<!-- Generated by org.testng.reporters.JUnitReportReporter -->
<testsuite hostname="ING091" failures="0" tests="1" name="practiceSwitchWindowsandiFrames.referencingElements" time="16.000" errors="0" timestamp="2020-04-16T13:54:05 EDT" skipped="0">
  <testcase classname="practiceSwitchWindowsandiFrames.referencingElements" name="getPersonalInfo" time="16.000"/>
</testsuite> <!-- practiceSwitchWindowsandiFrames.referencingElements -->
