<?xml version="1.0" encoding="UTF-8"?>
<!-- Generated by org.testng.reporters.JUnitReportReporter -->
<testsuite hostname="ING091" failures="0" tests="1" name="NavigateCommandsTestNG.NavigateCommands" time="12.945" errors="0" timestamp="2020-05-20T15:17:30 EDT" skipped="0">
  <testcase classname="NavigateCommandsTestNG.NavigateCommands" name="navigatePages" time="12.945"/>
</testsuite> <!-- NavigateCommandsTestNG.NavigateCommands -->
