<?xml version="1.0" encoding="UTF-8"?>
<!-- Generated by org.testng.reporters.JUnitReportReporter -->
<testsuite hostname="ING091" failures="0" tests="1" name="webElements.GetAttributeValueTypeDemo" time="4.521" errors="0" timestamp="2020-04-16T12:30:03 EDT" skipped="0">
  <testcase classname="webElements.GetAttributeValueTypeDemo" name="test" time="4.521"/>
</testsuite> <!-- webElements.GetAttributeValueTypeDemo -->
