<?xml version="1.0" encoding="UTF-8"?>
<!-- Generated by org.testng.reporters.JUnitReportReporter -->
<testsuite hostname="ING091" failures="0" tests="1" name="practiceUsefulMethodsandProperties.ElementPresentPractice" time="15.102" errors="0" timestamp="2020-05-22T11:00:34 EDT" skipped="0">
  <testcase classname="practiceUsefulMethodsandProperties.ElementPresentPractice" name="ElementPresencePractice" time="15.102"/>
</testsuite> <!-- practiceUsefulMethodsandProperties.ElementPresentPractice -->
