<?xml version="1.0" encoding="UTF-8"?>
<!-- Generated by org.testng.reporters.JUnitReportReporter -->
<testsuite hostname="ING091" failures="0" tests="1" name="automationFrameworkTestNG.ClassOne" time="2.080" errors="0" timestamp="2020-06-03T11:22:47 EDT" skipped="0">
  <testcase classname="automationFrameworkTestNG.ClassOne" name="GoogleTitle" time="2.080"/>
</testsuite> <!-- automationFrameworkTestNG.ClassOne -->
