<?xml version="1.0" encoding="UTF-8"?>
<!-- Generated by org.testng.reporters.JUnitReportReporter -->
<testsuite hostname="ING091" failures="0" tests="3" name="automationFrameworkTestNG.FirstTestngGroup" time="0.009" errors="0" timestamp="2020-04-16T10:00:50 EDT" skipped="0">
  <testcase classname="automationFrameworkTestNG.FirstTestngGroup" name="Car1" time="0.007"/>
  <testcase classname="automationFrameworkTestNG.FirstTestngGroup" name="Car2" time="0.001"/>
  <testcase classname="automationFrameworkTestNG.FirstTestngGroup" name="Sedan1" time="0.001"/>
</testsuite> <!-- automationFrameworkTestNG.FirstTestngGroup -->
