<?xml version="1.0" encoding="UTF-8"?>
<!-- Generated by org.testng.reporters.JUnitReportReporter -->
<testsuite hostname="ING091" failures="0" tests="24" name="TestNGPracticeExercises.TestNG_ParametersandDataProviders" time="0.030" errors="0" timestamp="2020-04-16T14:49:43 EDT" skipped="0">
  <testcase classname="TestNGPracticeExercises.TestNG_ParametersandDataProviders" name="ASCIIToCharTest" time="0.001"/>
  <testcase classname="TestNGPracticeExercises.TestNG_ParametersandDataProviders" name="CharToASCIITest" time="0.001"/>
  <testcase classname="TestNGPracticeExercises.TestNG_ParametersandDataProviders" name="ASCIIToCharTest" time="0.001"/>
  <testcase classname="TestNGPracticeExercises.TestNG_ParametersandDataProviders" name="CharToASCIITest" time="0.001"/>
  <testcase classname="TestNGPracticeExercises.TestNG_ParametersandDataProviders" name="ASCIIToCharTest" time="0.000"/>
  <testcase classname="TestNGPracticeExercises.TestNG_ParametersandDataProviders" name="CharToASCIITest" time="0.000"/>
  <testcase classname="TestNGPracticeExercises.TestNG_ParametersandDataProviders" name="CharToASCIITest" time="0.000"/>
  <testcase classname="TestNGPracticeExercises.TestNG_ParametersandDataProviders" name="ASCIIToCharTest" time="0.001"/>
  <testcase classname="TestNGPracticeExercises.TestNG_ParametersandDataProviders" name="ASCIIToCharTest" time="0.000"/>
  <testcase classname="TestNGPracticeExercises.TestNG_ParametersandDataProviders" name="CharToASCIITest" time="0.000"/>
  <testcase classname="TestNGPracticeExercises.TestNG_ParametersandDataProviders" name="ASCIIToCharTest" time="0.010"/>
  <testcase classname="TestNGPracticeExercises.TestNG_ParametersandDataProviders" name="ASCIIToCharTest" time="0.001"/>
  <testcase classname="TestNGPracticeExercises.TestNG_ParametersandDataProviders" name="ASCIIToCharTest" time="0.002"/>
  <testcase classname="TestNGPracticeExercises.TestNG_ParametersandDataProviders" name="CharToASCIITest" time="0.001"/>
  <testcase classname="TestNGPracticeExercises.TestNG_ParametersandDataProviders" name="CharToASCIITest" time="0.001"/>
  <testcase classname="TestNGPracticeExercises.TestNG_ParametersandDataProviders" name="CharToASCIITest" time="0.001"/>
  <testcase classname="TestNGPracticeExercises.TestNG_ParametersandDataProviders" name="CharToASCIITest" time="0.001"/>
  <testcase classname="TestNGPracticeExercises.TestNG_ParametersandDataProviders" name="ASCIIToCharTest" time="0.002"/>
  <testcase classname="TestNGPracticeExercises.TestNG_ParametersandDataProviders" name="CharToASCIITest" time="0.001"/>
  <testcase classname="TestNGPracticeExercises.TestNG_ParametersandDataProviders" name="ASCIIToCharTest" time="0.001"/>
  <testcase classname="TestNGPracticeExercises.TestNG_ParametersandDataProviders" name="ASCIIToCharTest" time="0.001"/>
  <testcase classname="TestNGPracticeExercises.TestNG_ParametersandDataProviders" name="ASCIIToCharTest" time="0.001"/>
  <testcase classname="TestNGPracticeExercises.TestNG_ParametersandDataProviders" name="CharToASCIITest" time="0.001"/>
  <testcase classname="TestNGPracticeExercises.TestNG_ParametersandDataProviders" name="CharToASCIITest" time="0.001"/>
</testsuite> <!-- TestNGPracticeExercises.TestNG_ParametersandDataProviders -->
