<?xml version="1.0" encoding="UTF-8"?>
<!-- Generated by org.testng.reporters.JUnitReportReporter -->
<testsuite hostname="ING091" failures="0" tests="1" name="NavigateCommandsTestNG.NewTest" time="15.509" errors="0" timestamp="2020-04-16T10:14:19 EDT" skipped="0">
  <testcase classname="NavigateCommandsTestNG.NewTest" name="f" time="15.509"/>
</testsuite> <!-- NavigateCommandsTestNG.NewTest -->
