<?xml version="1.0" encoding="UTF-8"?>
<!-- Generated by org.testng.reporters.JUnitReportReporter -->
<testsuite hostname="ING091" failures="0" tests="1" name="NavigateCommandsTestNG.NavigateCommands2" time="13.676" errors="0" timestamp="2020-04-23T09:00:11 EDT" skipped="0">
  <testcase classname="NavigateCommandsTestNG.NavigateCommands2" name="navigatePages" time="13.676"/>
</testsuite> <!-- NavigateCommandsTestNG.NavigateCommands2 -->
